# JRE version: OpenJDK Runtime Environment (8.0_202) (build 1.8.0_202-release-1483-b49-5587405)
# Java VM: OpenJDK 64-Bit Server VM (25.202-b49-5587405 mixed mode linux-amd64 compressed oops)
Heap:
 PSYoungGen      total 393216K, used 0K [0x00000000e0000000, 0x0000000100000000, 0x0000000100000000)
  eden space 348160K, 0% used [0x00000000e0000000,0x00000000e0000000,0x00000000f5400000)
  from space 45056K, 0% used [0x00000000fd000000,0x00000000fd000000,0x00000000ffc00000)
  to   space 88064K, 0% used [0x00000000f5400000,0x00000000f5400000,0x00000000faa00000)
 ParOldGen       total 310784K, used 251712K [0x00000000a0000000, 0x00000000b2f80000, 0x00000000e0000000)
  object space 310784K, 80% used [0x00000000a0000000,0x00000000af5d0358,0x00000000b2f80000)
 Metaspace       used 114880K, capacity 119803K, committed 119960K, reserved 1155072K
  class space    used 14223K, capacity 15157K, committed 15272K, reserved 1048576K
GC Heap History (10 events):
Event: 848.742 GC heap after
Heap after GC invocations=37 (full 5):
 PSYoungGen      total 465920K, used 12458K [0x00000000e0000000, 0x00000000ffa80000, 0x0000000100000000)
  eden space 420352K, 0% used [0x00000000e0000000,0x00000000e0000000,0x00000000f9a80000)
  from space 45568K, 27% used [0x00000000fce00000,0x00000000fda2aa28,0x00000000ffa80000)
  to   space 49152K, 0% used [0x00000000f9a80000,0x00000000f9a80000,0x00000000fca80000)
 ParOldGen       total 310784K, used 185611K [0x00000000a0000000, 0x00000000b2f80000, 0x00000000e0000000)
  object space 310784K, 59% used [0x00000000a0000000,0x00000000ab542c08,0x00000000b2f80000)
 Metaspace       used 114162K, capacity 118997K, committed 119320K, reserved 1153024K
  class space    used 14157K, capacity 15060K, committed 15144K, reserved 1048576K
}
Event: 850.215 GC heap before
{Heap before GC invocations=38 (full 5):
 PSYoungGen      total 465920K, used 432810K [0x00000000e0000000, 0x00000000ffa80000, 0x0000000100000000)
  eden space 420352K, 100% used [0x00000000e0000000,0x00000000f9a80000,0x00000000f9a80000)
  from space 45568K, 27% used [0x00000000fce00000,0x00000000fda2aa28,0x00000000ffa80000)
  to   space 49152K, 0% used [0x00000000f9a80000,0x00000000f9a80000,0x00000000fca80000)
 ParOldGen       total 310784K, used 185618K [0x00000000a0000000, 0x00000000b2f80000, 0x00000000e0000000)
  object space 310784K, 59% used [0x00000000a0000000,0x00000000ab544900,0x00000000b2f80000)
 Metaspace       used 114188K, capacity 118997K, committed 119320K, reserved 1153024K
  class space    used 14157K, capacity 15060K, committed 15144K, reserved 1048576K
Event: 850.243 GC heap after
Heap after GC invocations=38 (full 5):
 PSYoungGen      total 469504K, used 13834K [0x00000000e0000000, 0x00000000fff80000, 0x0000000100000000)
  eden space 420352K, 0% used [0x00000000e0000000,0x00000000e0000000,0x00000000f9a80000)
  from space 49152K, 28% used [0x00000000f9a80000,0x00000000fa802818,0x00000000fca80000)
  to   space 47104K, 0% used [0x00000000fd180000,0x00000000fd180000,0x00000000fff80000)
 ParOldGen       total 310784K, used 193176K [0x00000000a0000000, 0x00000000b2f80000, 0x00000000e0000000)
  object space 310784K, 62% used [0x00000000a0000000,0x00000000abca61c0,0x00000000b2f80000)
 Metaspace       used 114188K, capacity 118997K, committed 119320K, reserved 1153024K
  class space    used 14157K, capacity 15060K, committed 15144K, reserved 1048576K
}
Event: 850.248 GC heap before
{Heap before GC invocations=39 (full 5):
 PSYoungGen      total 469504K, used 19643K [0x00000000e0000000, 0x00000000fff80000, 0x0000000100000000)
  eden space 420352K, 1% used [0x00000000e0000000,0x00000000e05ac6a0,0x00000000f9a80000)
  from space 49152K, 28% used [0x00000000f9a80000,0x00000000fa802818,0x00000000fca80000)
  to   space 47104K, 0% used [0x00000000fd180000,0x00000000fd180000,0x00000000fff80000)
 ParOldGen       total 310784K, used 193176K [0x00000000a0000000, 0x00000000b2f80000, 0x00000000e0000000)
  object space 310784K, 62% used [0x00000000a0000000,0x00000000abca61c0,0x00000000b2f80000)
 Metaspace       used 114188K, capacity 118997K, committed 119320K, reserved 1153024K
  class space    used 14157K, capacity 15060K, committed 15144K, reserved 1048576K
Event: 850.262 GC heap after
Heap after GC invocations=39 (full 5):
 PSYoungGen      total 474624K, used 128K [0x00000000e0000000, 0x00000000fff00000, 0x0000000100000000)
  eden space 428032K, 0% used [0x00000000e0000000,0x00000000e0000000,0x00000000fa200000)
  from space 46592K, 0% used [0x00000000fd180000,0x00000000fd1a0000,0x00000000fff00000)
  to   space 47616K, 0% used [0x00000000fa200000,0x00000000fa200000,0x00000000fd080000)
 ParOldGen       total 310784K, used 206915K [0x00000000a0000000, 0x00000000b2f80000, 0x00000000e0000000)
  object space 310784K, 66% used [0x00000000a0000000,0x00000000aca10dc8,0x00000000b2f80000)
 Metaspace       used 114188K, capacity 118997K, committed 119320K, reserved 1153024K
  class space    used 14157K, capacity 15060K, committed 15144K, reserved 1048576K
}
Event: 852.790 GC heap before
{Heap before GC invocations=40 (full 5):
 PSYoungGen      total 474624K, used 428083K [0x00000000e0000000, 0x00000000fff00000, 0x0000000100000000)
  eden space 428032K, 99% used [0x00000000e0000000,0x00000000fa1ecce0,0x00000000fa200000)
  from space 46592K, 0% used [0x00000000fd180000,0x00000000fd1a0000,0x00000000fff00000)
  to   space 47616K, 0% used [0x00000000fa200000,0x00000000fa200000,0x00000000fd080000)
 ParOldGen       total 310784K, used 206915K [0x00000000a0000000, 0x00000000b2f80000, 0x00000000e0000000)
  object space 310784K, 66% used [0x00000000a0000000,0x00000000aca10dc8,0x00000000b2f80000)
 Metaspace       used 114320K, capacity 119221K, committed 119448K, reserved 1153024K
  class space    used 14176K, capacity 15108K, committed 15272K, reserved 1048576K
Event: 852.816 GC heap after
Heap after GC invocations=40 (full 5):
 PSYoungGen      total 441856K, used 13714K [0x00000000e0000000, 0x00000000ffc00000, 0x0000000100000000)
  eden space 428032K, 0% used [0x00000000e0000000,0x00000000e0000000,0x00000000fa200000)
  from space 13824K, 99% used [0x00000000fa200000,0x00000000faf64a20,0x00000000faf80000)
  to   space 45056K, 0% used [0x00000000fd000000,0x00000000fd000000,0x00000000ffc00000)
 ParOldGen       total 310784K, used 206931K [0x00000000a0000000, 0x00000000b2f80000, 0x00000000e0000000)
  object space 310784K, 66% used [0x00000000a0000000,0x00000000aca14dc8,0x00000000b2f80000)
 Metaspace       used 114320K, capacity 119221K, committed 119448K, reserved 1153024K
  class space    used 14176K, capacity 15108K, committed 15272K, reserved 1048576K
}
Event: 855.882 GC heap before
{Heap before GC invocations=41 (full 5):
 PSYoungGen      total 441856K, used 441746K [0x00000000e0000000, 0x00000000ffc00000, 0x0000000100000000)
  eden space 428032K, 100% used [0x00000000e0000000,0x00000000fa200000,0x00000000fa200000)
  from space 13824K, 99% used [0x00000000fa200000,0x00000000faf64a20,0x00000000faf80000)
  to   space 45056K, 0% used [0x00000000fd000000,0x00000000fd000000,0x00000000ffc00000)
 ParOldGen       total 310784K, used 206931K [0x00000000a0000000, 0x00000000b2f80000, 0x00000000e0000000)
  object space 310784K, 66% used [0x00000000a0000000,0x00000000aca14dc8,0x00000000b2f80000)
 Metaspace       used 114885K, capacity 119817K, committed 119960K, reserved 1155072K
  class space    used 14225K, capacity 15160K, committed 15272K, reserved 1048576K
Event: 856.193 GC heap after
Heap after GC invocations=41 (full 5):
 PSYoungGen      total 393216K, used 45051K [0x00000000e0000000, 0x0000000100000000, 0x0000000100000000)
  eden space 348160K, 0% used [0x00000000e0000000,0x00000000e0000000,0x00000000f5400000)
  from space 45056K, 99% used [0x00000000fd000000,0x00000000ffbfed88,0x00000000ffc00000)
  to   space 88064K, 0% used [0x00000000f5400000,0x00000000f5400000,0x00000000faa00000)
 ParOldGen       total 310784K, used 303026K [0x00000000a0000000, 0x00000000b2f80000, 0x00000000e0000000)
  object space 310784K, 97% used [0x00000000a0000000,0x00000000b27ec9a0,0x00000000b2f80000)
 Metaspace       used 114885K, capacity 119817K, committed 119960K, reserved 1155072K
  class space    used 14225K, capacity 15160K, committed 15272K, reserved 1048576K
}
Event: 856.325 GC heap before
{Heap before GC invocations=42 (full 6):
 PSYoungGen      total 393216K, used 45051K [0x00000000e0000000, 0x0000000100000000, 0x0000000100000000)
  eden space 348160K, 0% used [0x00000000e0000000,0x00000000e0000000,0x00000000f5400000)
  from space 45056K, 99% used [0x00000000fd000000,0x00000000ffbfed88,0x00000000ffc00000)
  to   space 88064K, 0% used [0x00000000f5400000,0x00000000f5400000,0x00000000faa00000)
 ParOldGen       total 310784K, used 303026K [0x00000000a0000000, 0x00000000b2f80000, 0x00000000e0000000)
  object space 310784K, 97% used [0x00000000a0000000,0x00000000b27ec9a0,0x00000000b2f80000)
 Metaspace       used 114885K, capacity 119817K, committed 119960K, reserved 1155072K
  class space    used 14225K, capacity 15160K, committed 15272K, reserved 1048576K

